[19:03:54] [ServerMain/INFO]: Environment: authHost='https://authserver.mojang.com', accountsHost='https://api.mojang.com', sessionHost='https://sessionserver.mojang.com', servicesHost='https://api.minecraftservices.com', name='PROD'
[19:03:54] [ServerMain/INFO]: Reloading ResourceManager: Default, bukkit
[19:03:54] [Worker-Main-11/INFO]: Loaded 7 recipes
[19:03:56] [Server thread/INFO]: Starting minecraft server version 1.18.1
[19:03:56] [Server thread/INFO]: Loading properties
[19:03:56] [Server thread/INFO]: This server is running CraftBukkit version 3406-Spigot-f4ff00f-7c3ac94 (MC: 1.18.1) (Implementing API version 1.18.1-R0.1-SNAPSHOT)
[19:03:56] [Server thread/INFO]: Debug logging is disabled
[19:03:56] [Server thread/INFO]: Server Ping Player Sample Count: 12
[19:03:56] [Server thread/INFO]: Using 4 threads for Netty based IO
[19:03:56] [Server thread/INFO]: Default game type: SURVIVAL
[19:03:56] [Server thread/INFO]: Generating keypair
[19:03:56] [Server thread/INFO]: Starting Minecraft server on *:25565
[19:03:56] [Server thread/INFO]: Using epoll channel type
[19:03:57] [Server thread/INFO]: [dynmap] Loading dynmap v3.3-beta-4-617
[19:03:57] [Server thread/INFO]: [dynmap] version=3406-Spigot-f4ff00f-7c3ac94 (MC: 1.18.1)
[19:03:57] [Server thread/INFO]: [dynmap] Mod Support API available
[19:03:57] [Server thread/INFO]: [SLEEP] Loading Sleep v1.0.8
[19:03:57] [Server thread/INFO]: [AureliumSkills] Loading AureliumSkills vBeta 1.2.8
[19:03:57] [Server thread/INFO]: [UltimateHomes] Loading UltimateHomes v2.5
[19:03:57] [Server thread/INFO]: Preparing level "world"
[19:03:57] [Server thread/INFO]: -------- World Settings For [world] --------
[19:03:57] [Server thread/INFO]: Cactus Growth Modifier: 100%
[19:03:57] [Server thread/INFO]: Cane Growth Modifier: 100%
[19:03:57] [Server thread/INFO]: Melon Growth Modifier: 100%
[19:03:57] [Server thread/INFO]: Mushroom Growth Modifier: 100%
[19:03:57] [Server thread/INFO]: Pumpkin Growth Modifier: 100%
[19:03:57] [Server thread/INFO]: Sapling Growth Modifier: 100%
[19:03:57] [Server thread/INFO]: Beetroot Growth Modifier: 100%
[19:03:57] [Server thread/INFO]: Carrot Growth Modifier: 100%
[19:03:57] [Server thread/INFO]: Potato Growth Modifier: 100%
[19:03:57] [Server thread/INFO]: Wheat Growth Modifier: 100%
[19:03:57] [Server thread/INFO]: NetherWart Growth Modifier: 100%
[19:03:57] [Server thread/INFO]: Vine Growth Modifier: 100%
[19:03:57] [Server thread/INFO]: Cocoa Growth Modifier: 100%
[19:03:57] [Server thread/INFO]: Bamboo Growth Modifier: 100%
[19:03:57] [Server thread/INFO]: SweetBerry Growth Modifier: 100%
[19:03:57] [Server thread/INFO]: Kelp Growth Modifier: 100%
[19:03:57] [Server thread/INFO]: Entity Activation Range: An 32 / Mo 32 / Ra 48 / Mi 16 / Tiv true / Isa false
[19:03:57] [Server thread/INFO]: Experience Merge Radius: 3.0
[19:03:57] [Server thread/INFO]: Mob Spawn Range: 6
[19:03:57] [Server thread/INFO]: Entity Tracking Range: Pl 48 / An 48 / Mo 48 / Mi 32 / Other 64
[19:03:57] [Server thread/INFO]: Hopper Transfer: 8 Hopper Check: 1 Hopper Amount: 1
[19:03:57] [Server thread/INFO]: Custom Map Seeds:  Village: 10387312 Desert: 14357617 Igloo: 14357618 Jungle: 14357619 Swamp: 14357620 Monument: 10387313 Ocean: 14357621 Shipwreck: 165745295 End City: 10387313 Slime: 987234911 Bastion: 30084232 Fortress: 30084232 Mansion: 10387319 Fossil: 14357921 Portal: 34222645
[19:03:57] [Server thread/INFO]: Max TNT Explosions: 100
[19:03:57] [Server thread/INFO]: Tile Max Tick Time: 50ms Entity max Tick Time: 50ms
[19:03:57] [Server thread/INFO]: Allow Zombie Pigmen to spawn from portal blocks: true
[19:03:57] [Server thread/INFO]: Item Despawn Rate: 6000
[19:03:57] [Server thread/INFO]: Item Merge Radius: 2.5
[19:03:57] [Server thread/INFO]: View Distance: 10
[19:03:57] [Server thread/INFO]: Simulation Distance: 10
[19:03:57] [Server thread/INFO]: Arrow Despawn Rate: 1200 Trident Respawn Rate:1200
[19:03:57] [Server thread/INFO]: Zombie Aggressive Towards Villager: true
[19:03:57] [Server thread/INFO]: Nerfing mobs spawned from spawners: false
[19:03:58] [Server thread/INFO]: -------- World Settings For [world_nether] --------
[19:03:58] [Server thread/INFO]: Cactus Growth Modifier: 100%
[19:03:58] [Server thread/INFO]: Cane Growth Modifier: 100%
[19:03:58] [Server thread/INFO]: Melon Growth Modifier: 100%
[19:03:58] [Server thread/INFO]: Mushroom Growth Modifier: 100%
[19:03:58] [Server thread/INFO]: Pumpkin Growth Modifier: 100%
[19:03:58] [Server thread/INFO]: Sapling Growth Modifier: 100%
[19:03:58] [Server thread/INFO]: Beetroot Growth Modifier: 100%
[19:03:58] [Server thread/INFO]: Carrot Growth Modifier: 100%
[19:03:58] [Server thread/INFO]: Potato Growth Modifier: 100%
[19:03:58] [Server thread/INFO]: Wheat Growth Modifier: 100%
[19:03:58] [Server thread/INFO]: NetherWart Growth Modifier: 100%
[19:03:58] [Server thread/INFO]: Vine Growth Modifier: 100%
[19:03:58] [Server thread/INFO]: Cocoa Growth Modifier: 100%
[19:03:58] [Server thread/INFO]: Bamboo Growth Modifier: 100%
[19:03:58] [Server thread/INFO]: SweetBerry Growth Modifier: 100%
[19:03:58] [Server thread/INFO]: Kelp Growth Modifier: 100%
[19:03:58] [Server thread/INFO]: Entity Activation Range: An 32 / Mo 32 / Ra 48 / Mi 16 / Tiv true / Isa false
[19:03:58] [Server thread/INFO]: Experience Merge Radius: 3.0
[19:03:58] [Server thread/INFO]: Mob Spawn Range: 6
[19:03:58] [Server thread/INFO]: Entity Tracking Range: Pl 48 / An 48 / Mo 48 / Mi 32 / Other 64
[19:03:58] [Server thread/INFO]: Hopper Transfer: 8 Hopper Check: 1 Hopper Amount: 1
[19:03:58] [Server thread/INFO]: Custom Map Seeds:  Village: 10387312 Desert: 14357617 Igloo: 14357618 Jungle: 14357619 Swamp: 14357620 Monument: 10387313 Ocean: 14357621 Shipwreck: 165745295 End City: 10387313 Slime: 987234911 Bastion: 30084232 Fortress: 30084232 Mansion: 10387319 Fossil: 14357921 Portal: 34222645
[19:03:58] [Server thread/INFO]: Max TNT Explosions: 100
[19:03:58] [Server thread/INFO]: Tile Max Tick Time: 50ms Entity max Tick Time: 50ms
[19:03:58] [Server thread/INFO]: Allow Zombie Pigmen to spawn from portal blocks: true
[19:03:58] [Server thread/INFO]: Item Despawn Rate: 6000
[19:03:58] [Server thread/INFO]: Item Merge Radius: 2.5
[19:03:58] [Server thread/INFO]: View Distance: 10
[19:03:58] [Server thread/INFO]: Simulation Distance: 10
[19:03:58] [Server thread/INFO]: Arrow Despawn Rate: 1200 Trident Respawn Rate:1200
[19:03:58] [Server thread/INFO]: Zombie Aggressive Towards Villager: true
[19:03:58] [Server thread/INFO]: Nerfing mobs spawned from spawners: false
[19:03:58] [Server thread/INFO]: -------- World Settings For [world_the_end] --------
[19:03:58] [Server thread/INFO]: Cactus Growth Modifier: 100%
[19:03:58] [Server thread/INFO]: Cane Growth Modifier: 100%
[19:03:58] [Server thread/INFO]: Melon Growth Modifier: 100%
[19:03:58] [Server thread/INFO]: Mushroom Growth Modifier: 100%
[19:03:58] [Server thread/INFO]: Pumpkin Growth Modifier: 100%
[19:03:58] [Server thread/INFO]: Sapling Growth Modifier: 100%
[19:03:58] [Server thread/INFO]: Beetroot Growth Modifier: 100%
[19:03:58] [Server thread/INFO]: Carrot Growth Modifier: 100%
[19:03:58] [Server thread/INFO]: Potato Growth Modifier: 100%
[19:03:58] [Server thread/INFO]: Wheat Growth Modifier: 100%
[19:03:58] [Server thread/INFO]: NetherWart Growth Modifier: 100%
[19:03:58] [Server thread/INFO]: Vine Growth Modifier: 100%
[19:03:58] [Server thread/INFO]: Cocoa Growth Modifier: 100%
[19:03:58] [Server thread/INFO]: Bamboo Growth Modifier: 100%
[19:03:58] [Server thread/INFO]: SweetBerry Growth Modifier: 100%
[19:03:58] [Server thread/INFO]: Kelp Growth Modifier: 100%
[19:03:58] [Server thread/INFO]: Entity Activation Range: An 32 / Mo 32 / Ra 48 / Mi 16 / Tiv true / Isa false
[19:03:58] [Server thread/INFO]: Experience Merge Radius: 3.0
[19:03:58] [Server thread/INFO]: Mob Spawn Range: 6
[19:03:58] [Server thread/INFO]: Entity Tracking Range: Pl 48 / An 48 / Mo 48 / Mi 32 / Other 64
[19:03:58] [Server thread/INFO]: Hopper Transfer: 8 Hopper Check: 1 Hopper Amount: 1
[19:03:58] [Server thread/INFO]: Custom Map Seeds:  Village: 10387312 Desert: 14357617 Igloo: 14357618 Jungle: 14357619 Swamp: 14357620 Monument: 10387313 Ocean: 14357621 Shipwreck: 165745295 End City: 10387313 Slime: 987234911 Bastion: 30084232 Fortress: 30084232 Mansion: 10387319 Fossil: 14357921 Portal: 34222645
[19:03:58] [Server thread/INFO]: Max TNT Explosions: 100
[19:03:58] [Server thread/INFO]: Tile Max Tick Time: 50ms Entity max Tick Time: 50ms
[19:03:58] [Server thread/INFO]: Allow Zombie Pigmen to spawn from portal blocks: true
[19:03:58] [Server thread/INFO]: Item Despawn Rate: 6000
[19:03:58] [Server thread/INFO]: Item Merge Radius: 2.5
[19:03:58] [Server thread/INFO]: View Distance: 10
[19:03:58] [Server thread/INFO]: Simulation Distance: 10
[19:03:58] [Server thread/INFO]: Arrow Despawn Rate: 1200 Trident Respawn Rate:1200
[19:03:58] [Server thread/INFO]: Zombie Aggressive Towards Villager: true
[19:03:58] [Server thread/INFO]: Nerfing mobs spawned from spawners: false
[19:03:58] [Server thread/INFO]: Preparing start region for dimension minecraft:overworld
[19:03:59] [Worker-Main-11/INFO]: Preparing spawn area: 0%
[19:03:59] [Worker-Main-13/INFO]: Preparing spawn area: 0%
[19:03:59] [Worker-Main-10/INFO]: Preparing spawn area: 0%
[19:03:59] [Worker-Main-8/INFO]: Preparing spawn area: 0%
[19:04:00] [Worker-Main-11/INFO]: Preparing spawn area: 0%
[19:04:00] [Worker-Main-8/INFO]: Preparing spawn area: 0%
[19:04:01] [Worker-Main-10/INFO]: Preparing spawn area: 0%
[19:04:01] [Worker-Main-10/INFO]: Preparing spawn area: 4%
[19:04:02] [Worker-Main-14/INFO]: Preparing spawn area: 11%
[19:04:02] [Worker-Main-10/INFO]: Preparing spawn area: 18%
[19:04:03] [Worker-Main-10/INFO]: Preparing spawn area: 51%
[19:04:03] [Worker-Main-12/INFO]: Preparing spawn area: 78%
[19:04:04] [Server thread/INFO]: Time elapsed: 5960 ms
[19:04:04] [Server thread/INFO]: Preparing start region for dimension minecraft:the_nether
[19:04:04] [Worker-Main-13/INFO]: Preparing spawn area: 0%
[19:04:04] [Worker-Main-10/INFO]: Preparing spawn area: 0%
[19:04:05] [Worker-Main-8/INFO]: Preparing spawn area: 0%
[19:04:06] [Worker-Main-10/INFO]: Preparing spawn area: 11%
[19:04:06] [Worker-Main-10/INFO]: Preparing spawn area: 48%
[19:04:06] [Worker-Main-13/INFO]: Preparing spawn area: 68%
[19:04:07] [Worker-Main-14/INFO]: Preparing spawn area: 70%
[19:04:07] [Worker-Main-8/INFO]: Preparing spawn area: 73%
[19:04:08] [Worker-Main-9/INFO]: Preparing spawn area: 79%
[19:04:08] [Worker-Main-10/INFO]: Preparing spawn area: 83%
[19:04:09] [Worker-Main-11/INFO]: Preparing spawn area: 85%
[19:04:10] [Worker-Main-10/INFO]: Preparing spawn area: 89%
[19:04:10] [Worker-Main-10/INFO]: Preparing spawn area: 91%
[19:04:10] [Worker-Main-9/INFO]: Preparing spawn area: 95%
[19:04:11] [Server thread/INFO]: Time elapsed: 6914 ms
[19:04:11] [Server thread/INFO]: Preparing start region for dimension minecraft:the_end
[19:04:11] [Worker-Main-10/INFO]: Preparing spawn area: 0%
[19:04:11] [Worker-Main-9/INFO]: Preparing spawn area: 0%
[19:04:12] [Worker-Main-9/INFO]: Preparing spawn area: 5%
[19:04:12] [Worker-Main-14/INFO]: Preparing spawn area: 57%
[19:04:13] [Worker-Main-11/INFO]: Preparing spawn area: 85%
[19:04:13] [Server thread/INFO]: Time elapsed: 2203 ms
[19:04:13] [Server thread/INFO]: [dynmap] Enabling dynmap v3.3-beta-4-617
[19:04:13] [Server thread/INFO]: [dynmap] Added 18 custom biome mappings
[19:04:13] [Server thread/INFO]: [dynmap] Using Bukkit Permissions (superperms) for access control
[19:04:13] [Server thread/INFO]: [dynmap] Web interface permissions only available for online users
[19:04:14] [Server thread/INFO]: [dynmap] Mod Support processing completed
[19:04:14] [Server thread/INFO]: [dynmap] Loaded 27 shaders.
[19:04:14] [Server thread/INFO]: [dynmap] Loaded 82 perspectives.
[19:04:14] [Server thread/INFO]: [dynmap] Loaded 22 lightings.
[19:04:14] [Server thread/INFO]: [dynmap] Starting enter/exit processing
[19:04:14] [Dynmap Render Thread/INFO]: [dynmap] Finish marker initialization
[19:04:14] [Server thread/INFO]: [dynmap] Web server started on address 0.0.0.0:8123
[19:04:14] [Server thread/INFO]: [dynmap] version 3.3-beta-4-617 is enabled - core version 3.3-beta-4-617
[19:04:14] [Server thread/INFO]: [dynmap] For support, visit https://reddit.com/r/Dynmap or our Discord at https://discord.gg/s3rd5qn
[19:04:14] [Server thread/INFO]: [dynmap] To report or track bugs, visit https://github.com/webbukkit/dynmap/issues
[19:04:14] [Server thread/INFO]: [dynmap] If you'd like to donate, please visit https://www.patreon.com/dynmap or https://ko-fi.com/michaelprimm
[19:04:14] [Server thread/INFO]: [dynmap] Loaded 3 maps of world 'world'.
[19:04:14] [Server thread/INFO]: [dynmap] Loaded 2 maps of world 'world_nether'.
[19:04:14] [Server thread/INFO]: [dynmap] Loaded 2 maps of world 'world_the_end'.
[19:04:14] [Server thread/INFO]: [dynmap] Enabled
[19:04:14] [Server thread/INFO]: [SLEEP] Enabling Sleep v1.0.8
[19:04:14] [Server thread/INFO]: [AureliumSkills] Enabling AureliumSkills vBeta 1.2.8
[19:04:14] [Server thread/INFO]: [AureliumSkills] Loaded 183 config options in 1 ms
[19:04:14] [Server thread/INFO]: [AureliumSkills] Loaded 284 sources and 10 tags in 11ms
[19:04:14] [Server thread/INFO]: [AureliumSkills] Loading languages...
[19:04:15] [Server thread/INFO]: [AureliumSkills] Loaded 14 languages in 680ms
[19:04:15] [Server thread/INFO]: [AureliumSkills] Loaded 30 pattern rewards and 0 level rewards
[19:04:15] [Server thread/INFO]: [AureliumSkills] Loaded 3 menus, 9 items, and 5 templates in 124 ms
[19:04:15] [Server thread/INFO]: [AureliumSkills] Loaded 78 Ability Options in 1ms
[19:04:15] [Server thread/INFO]: [AureliumSkills] Loaded 32 loot entries in 4 pools and 2 tables
[19:04:15] [Server thread/INFO]: [AureliumSkills] Loaded 3 blocked worlds.
[19:04:15] [Server thread/INFO]: [AureliumSkills] Aurelium Skills has been enabled
[19:04:15] [Server thread/INFO]: [UltimateHomes] Enabling UltimateHomes v2.5
[19:04:15] [Server thread/INFO]: [m
[19:04:15] [Server thread/INFO]: [0;32;1m--------------------------------------[m
[19:04:15] [Server thread/INFO]: [0;37;1m       UltimateHomes by kixmc[m
[19:04:15] [Server thread/INFO]: [0;37;1m       Enabled on version 2.5[m
[19:04:15] [Server thread/INFO]: [0;32;1m--------------------------------------[m
[19:04:15] [Server thread/INFO]:  [m
[19:04:15] [Server thread/INFO]: Server permissions file permissions.yml is empty, ignoring it
[19:04:15] [Server thread/INFO]: Done (18.536s)! For help, type "help"
[19:04:15] [Server thread/INFO]: Starting remote control listener
[19:04:15] [Server thread/INFO]: Thread RCON Listener started
[19:04:15] [Server thread/INFO]: RCON running on 0.0.0.0:25575
[19:04:19] [Thread-1/INFO]: Stopping server
